This file contains any messages produced by compilers while
running configure, to aid debugging if configure makes a mistake.

It was created by libmypaint configure 1.3.0, which was
generated by GNU Autoconf 2.69.  Invocation command line was

  $ ./configure 

## --------- ##
## Platform. ##
## --------- ##

hostname = Olivers-MacBook-Pro.local
uname -m = x86_64
uname -r = 18.6.0
uname -s = Darwin
uname -v = Darwin Kernel Version 18.6.0: Thu Apr 25 23:16:27 PDT 2019; root:xnu-4903.261.4~2/RELEASE_X86_64

/usr/bin/uname -p = i386
/bin/uname -X     = unknown

/bin/arch              = unknown
/usr/bin/arch -k       = unknown
/usr/convex/getsysinfo = unknown
/usr/bin/hostinfo      = Mach kernel version:
	 Darwin Kernel Version 18.6.0: Thu Apr 25 23:16:27 PDT 2019; root:xnu-4903.261.4~2/RELEASE_X86_64
Kernel configured for up to 4 processors.
2 processors are physically available.
4 processors are logically available.
Processor type: x86_64h (Intel x86-64h Haswell)
Processors active: 0 1 2 3
Primary memory available: 16.00 gigabytes
Default processor set: 443 tasks, 1535 threads, 4 processors
Load average: 1.59, Mach factor: 2.40
/bin/machine           = unknown
/usr/bin/oslevel       = unknown
/bin/universe          = unknown

PATH: /Users/candyface/Library/Python/2.7/bin
PATH: /usr/local/sbin
PATH: /opt/X11/bin
PATH: /usr/local/opt/qt/bin
PATH: /usr/local/bin
PATH: /usr/bin
PATH: /bin
PATH: /usr/sbin
PATH: /sbin
PATH: /Users/candyface/go/bin


## ----------- ##
## Core tests. ##
## ----------- ##

configure:2429: checking for a BSD-compatible install
configure:2497: result: /usr/bin/install -c
configure:2508: checking whether build environment is sane
configure:2563: result: yes
configure:2714: checking for a thread-safe mkdir -p
configure:2753: result: ./install-sh -c -d
configure:2760: checking for gawk
configure:2790: result: no
configure:2760: checking for mawk
configure:2790: result: no
configure:2760: checking for nawk
configure:2790: result: no
configure:2760: checking for awk
configure:2776: found /usr/bin/awk
configure:2787: result: awk
configure:2798: checking whether make sets $(MAKE)
configure:2820: result: yes
configure:2849: checking whether make supports nested variables
configure:2866: result: yes
configure:3049: checking for gcc
configure:3065: found /usr/bin/gcc
configure:3076: result: gcc
configure:3305: checking for C compiler version
configure:3314: gcc --version >&5
Apple LLVM version 10.0.1 (clang-1001.0.46.4)
Target: x86_64-apple-darwin18.6.0
Thread model: posix
InstalledDir: /Library/Developer/CommandLineTools/usr/bin
Configured with: --prefix=/Library/Developer/CommandLineTools/usr --with-gxx-include-dir=/Library/Developer/CommandLineTools/SDKs/MacOSX10.14.sdk/usr/include/c++/4.2.1
configure:3325: $? = 0
configure:3314: gcc -v >&5
Configured with: --prefix=/Library/Developer/CommandLineTools/usr --with-gxx-include-dir=/Library/Developer/CommandLineTools/SDKs/MacOSX10.14.sdk/usr/include/c++/4.2.1
Apple LLVM version 10.0.1 (clang-1001.0.46.4)
Target: x86_64-apple-darwin18.6.0
Thread model: posix
InstalledDir: /Library/Developer/CommandLineTools/usr/bin
configure:3325: $? = 0
configure:3314: gcc -V >&5
clang: error: unsupported option '-V -Wno-atomic-implicit-seq-cst'
clang: error: no input files
configure:3325: $? = 1
configure:3314: gcc -qversion >&5
clang: error: unknown argument '-qversion', did you mean '--version'?
clang: error: no input files
configure:3325: $? = 1
configure:3345: checking whether the C compiler works
configure:3367: gcc    conftest.c  >&5
configure:3371: $? = 0
configure:3419: result: yes
configure:3422: checking for C compiler default output file name
configure:3424: result: a.out
configure:3430: checking for suffix of executables
configure:3437: gcc -o conftest    conftest.c  >&5
configure:3441: $? = 0
configure:3463: result: 
configure:3485: checking whether we are cross compiling
configure:3493: gcc -o conftest    conftest.c  >&5
configure:3497: $? = 0
configure:3504: ./conftest
configure:3508: $? = 0
configure:3523: result: no
configure:3528: checking for suffix of object files
configure:3550: gcc -c   conftest.c >&5
configure:3554: $? = 0
configure:3575: result: o
configure:3579: checking whether we are using the GNU C compiler
configure:3598: gcc -c   conftest.c >&5
configure:3598: $? = 0
configure:3607: result: yes
configure:3616: checking whether gcc accepts -g
configure:3636: gcc -c -g  conftest.c >&5
configure:3636: $? = 0
configure:3677: result: yes
configure:3694: checking for gcc option to accept ISO C89
configure:3757: gcc  -c -g -O2  conftest.c >&5
configure:3757: $? = 0
configure:3770: result: none needed
configure:3795: checking whether gcc understands -c and -o together
configure:3817: gcc -c conftest.c -o conftest2.o
configure:3820: $? = 0
configure:3817: gcc -c conftest.c -o conftest2.o
configure:3820: $? = 0
configure:3832: result: yes
configure:3852: checking whether make supports the include directive
configure:3867: make -f confmf.GNU && cat confinc.out
this is the am__doit target
configure:3870: $? = 0
configure:3889: result: yes (GNU style)
configure:3914: checking dependency style of gcc
configure:4025: result: gcc3
configure:4040: checking for gcc option to accept ISO C99
configure:4189: gcc  -c -g -O2  conftest.c >&5
configure:4189: $? = 0
configure:4202: result: none needed
configure:4267: checking for ar
configure:4283: found /usr/bin/ar
configure:4294: result: ar
configure:4320: checking the archiver (ar) interface
configure:4336: gcc -c -g -O2  conftest.c >&5
configure:4336: $? = 0
configure:4338: ar cru libconftest.a conftest.o >&5
configure:4341: $? = 0
configure:4369: result: ar
configure:4423: checking build system type
configure:4437: result: x86_64-apple-darwin18.6.0
configure:4457: checking host system type
configure:4470: result: x86_64-apple-darwin18.6.0
configure:4511: checking how to print strings
configure:4538: result: printf
configure:4559: checking for a sed that does not truncate output
configure:4623: result: /usr/bin/sed
configure:4641: checking for grep that handles long lines and -e
configure:4699: result: /usr/bin/grep
configure:4704: checking for egrep
configure:4766: result: /usr/bin/grep -E
configure:4771: checking for fgrep
configure:4833: result: /usr/bin/grep -F
configure:4868: checking for ld used by gcc
configure:4935: result: /Library/Developer/CommandLineTools/usr/bin/ld
configure:4942: checking if the linker (/Library/Developer/CommandLineTools/usr/bin/ld) is GNU ld
configure:4957: result: no
configure:4969: checking for BSD- or MS-compatible name lister (nm)
configure:5023: result: /usr/bin/nm -B
configure:5153: checking the name lister (/usr/bin/nm -B) interface
configure:5160: gcc -c -g -O2  conftest.c >&5
configure:5163: /usr/bin/nm -B "conftest.o"
configure:5166: output
00000000000001dc S _some_variable
configure:5173: result: BSD nm
configure:5176: checking whether ln -s works
configure:5180: result: yes
configure:5188: checking the maximum length of command line arguments
configure:5319: result: 196608
configure:5367: checking how to convert x86_64-apple-darwin18.6.0 file names to x86_64-apple-darwin18.6.0 format
configure:5407: result: func_convert_file_noop
configure:5414: checking how to convert x86_64-apple-darwin18.6.0 file names to toolchain format
configure:5434: result: func_convert_file_noop
configure:5441: checking for /Library/Developer/CommandLineTools/usr/bin/ld option to reload object files
configure:5448: result: -r
configure:5522: checking for objdump
configure:5538: found /usr/bin/objdump
configure:5549: result: objdump
configure:5578: checking how to recognize dependent libraries
configure:5778: result: pass_all
configure:5863: checking for dlltool
configure:5893: result: no
configure:5920: checking how to associate runtime and link libraries
configure:5947: result: printf %s\n
configure:6071: checking for archiver @FILE support
configure:6088: gcc -c -g -O2  conftest.c >&5
configure:6088: $? = 0
configure:6091: ar cru libconftest.a @conftest.lst >&5
ar: @conftest.lst: No such file or directory
configure:6094: $? = 1
configure:6114: result: no
configure:6172: checking for strip
configure:6188: found /usr/bin/strip
configure:6199: result: strip
configure:6271: checking for ranlib
configure:6287: found /usr/bin/ranlib
configure:6298: result: ranlib
configure:6400: checking command to parse /usr/bin/nm -B output from gcc object
configure:6553: gcc -c -g -O2  conftest.c >&5
configure:6556: $? = 0
configure:6560: /usr/bin/nm -B conftest.o \| sed -n -e 's/^.*[ ]\([BCDEGRST][BCDEGRST]*\)[ ][ ]*\([_A-Za-z][_A-Za-z0-9]*\)$/\1 \2 \2/p' | sed '/ __gnu_lto/d' \> conftest.nm
configure:6563: $? = 0
cannot find nm_test_var in conftest.nm
configure:6553: gcc -c -g -O2  conftest.c >&5
configure:6556: $? = 0
configure:6560: /usr/bin/nm -B conftest.o \| sed -n -e 's/^.*[ ]\([BCDEGRST][BCDEGRST]*\)[ ][ ]*_\([_A-Za-z][_A-Za-z0-9]*\)$/\1 _\2 \2/p' | sed '/ __gnu_lto/d' \> conftest.nm
configure:6563: $? = 0
configure:6629: gcc -o conftest -g -O2   conftest.c conftstm.o >&5
warning: (x86_64)  could not find object file symbol for symbol _main
configure:6632: $? = 0
configure:6670: result: ok
configure:6717: checking for sysroot
configure:6747: result: no
configure:6754: checking for a working dd
configure:6792: result: /bin/dd
configure:6796: checking how to truncate binary pipes
configure:6811: result: /bin/dd bs=4096 count=1
configure:7140: checking for mt
configure:7170: result: no
configure:7190: checking if : is a manifest tool
configure:7196: : '-?'
configure:7204: result: no
configure:7260: checking for dsymutil
configure:7276: found /usr/bin/dsymutil
configure:7287: result: dsymutil
configure:7352: checking for nmedit
configure:7368: found /usr/bin/nmedit
configure:7379: result: nmedit
configure:7444: checking for lipo
configure:7460: found /usr/bin/lipo
configure:7471: result: lipo
configure:7536: checking for otool
configure:7552: found /usr/bin/otool
configure:7563: result: otool
configure:7628: checking for otool64
configure:7658: result: no
configure:7703: checking for -single_module linker flag
gcc -g -O2  -o libconftest.dylib -dynamiclib -Wl,-single_module conftest.c
configure:7736: result: yes
configure:7739: checking for -exported_symbols_list linker flag
configure:7759: gcc -o conftest -g -O2   -Wl,-exported_symbols_list,conftest.sym conftest.c  >&5
configure:7759: $? = 0
configure:7769: result: yes
configure:7772: checking for -force_load linker flag
gcc -g -O2 -c -o conftest.o conftest.c
ar cru libconftest.a conftest.o
ranlib libconftest.a
gcc -g -O2  -o conftest conftest.c -Wl,-force_load,./libconftest.a
configure:7804: result: yes
configure:7881: checking how to run the C preprocessor
configure:7912: gcc -E  conftest.c
configure:7912: $? = 0
configure:7926: gcc -E  conftest.c
conftest.c:9:10: fatal error: 'ac_nonexistent.h' file not found
#include <ac_nonexistent.h>
         ^~~~~~~~~~~~~~~~~~
1 error generated.
configure:7926: $? = 1
configure: failed program was:
| /* confdefs.h */
| #define PACKAGE_NAME "libmypaint"
| #define PACKAGE_TARNAME "libmypaint"
| #define PACKAGE_VERSION "1.3.0"
| #define PACKAGE_STRING "libmypaint 1.3.0"
| #define PACKAGE_BUGREPORT "https://github.com/mypaint/libmypaint/issues"
| #define PACKAGE_URL "https://github.com/mypaint/libmypaint"
| /* end confdefs.h.  */
| #include <ac_nonexistent.h>
configure:7951: result: gcc -E
configure:7971: gcc -E  conftest.c
configure:7971: $? = 0
configure:7985: gcc -E  conftest.c
conftest.c:9:10: fatal error: 'ac_nonexistent.h' file not found
#include <ac_nonexistent.h>
         ^~~~~~~~~~~~~~~~~~
1 error generated.
configure:7985: $? = 1
configure: failed program was:
| /* confdefs.h */
| #define PACKAGE_NAME "libmypaint"
| #define PACKAGE_TARNAME "libmypaint"
| #define PACKAGE_VERSION "1.3.0"
| #define PACKAGE_STRING "libmypaint 1.3.0"
| #define PACKAGE_BUGREPORT "https://github.com/mypaint/libmypaint/issues"
| #define PACKAGE_URL "https://github.com/mypaint/libmypaint"
| /* end confdefs.h.  */
| #include <ac_nonexistent.h>
configure:8014: checking for ANSI C header files
configure:8034: gcc -c -g -O2  conftest.c >&5
configure:8034: $? = 0
configure:8107: gcc -o conftest -g -O2   conftest.c  >&5
configure:8107: $? = 0
configure:8107: ./conftest
configure:8107: $? = 0
configure:8118: result: yes
configure:8131: checking for sys/types.h
configure:8131: gcc -c -g -O2  conftest.c >&5
configure:8131: $? = 0
configure:8131: result: yes
configure:8131: checking for sys/stat.h
configure:8131: gcc -c -g -O2  conftest.c >&5
configure:8131: $? = 0
configure:8131: result: yes
configure:8131: checking for stdlib.h
configure:8131: gcc -c -g -O2  conftest.c >&5
configure:8131: $? = 0
configure:8131: result: yes
configure:8131: checking for string.h
configure:8131: gcc -c -g -O2  conftest.c >&5
configure:8131: $? = 0
configure:8131: result: yes
configure:8131: checking for memory.h
configure:8131: gcc -c -g -O2  conftest.c >&5
configure:8131: $? = 0
configure:8131: result: yes
configure:8131: checking for strings.h
configure:8131: gcc -c -g -O2  conftest.c >&5
configure:8131: $? = 0
configure:8131: result: yes
configure:8131: checking for inttypes.h
configure:8131: gcc -c -g -O2  conftest.c >&5
configure:8131: $? = 0
configure:8131: result: yes
configure:8131: checking for stdint.h
configure:8131: gcc -c -g -O2  conftest.c >&5
configure:8131: $? = 0
configure:8131: result: yes
configure:8131: checking for unistd.h
configure:8131: gcc -c -g -O2  conftest.c >&5
configure:8131: $? = 0
configure:8131: result: yes
configure:8145: checking for dlfcn.h
configure:8145: gcc -c -g -O2  conftest.c >&5
configure:8145: $? = 0
configure:8145: result: yes
configure:8698: checking for objdir
configure:8713: result: .libs
configure:8977: checking if gcc supports -fno-rtti -fno-exceptions
configure:8995: gcc -c -g -O2  -fno-rtti -fno-exceptions conftest.c >&5
configure:8999: $? = 0
configure:9012: result: yes
configure:9370: checking for gcc option to produce PIC
configure:9377: result: -fno-common -DPIC
configure:9385: checking if gcc PIC flag -fno-common -DPIC works
configure:9403: gcc -c -g -O2  -fno-common -DPIC -DPIC conftest.c >&5
configure:9407: $? = 0
configure:9420: result: yes
configure:9449: checking if gcc static flag -static works
configure:9477: result: no
configure:9492: checking if gcc supports -c -o file.o
configure:9513: gcc -c -g -O2  -o out/conftest2.o conftest.c >&5
configure:9517: $? = 0
configure:9539: result: yes
configure:9547: checking if gcc supports -c -o file.o
configure:9594: result: yes
configure:9627: checking whether the gcc linker (/Library/Developer/CommandLineTools/usr/bin/ld) supports shared libraries
configure:10886: result: yes
configure:11126: checking dynamic linker characteristics
configure:11944: result: darwin18.6.0 dyld
configure:12066: checking how to hardcode library paths into programs
configure:12091: result: immediate
configure:12639: checking whether stripping libraries is possible
configure:12653: result: yes
configure:12679: checking if libtool supports shared libraries
configure:12681: result: yes
configure:12684: checking whether to build shared libraries
configure:12709: result: yes
configure:12712: checking whether to build static libraries
configure:12716: result: no
configure:12756: checking whether to enable maintainer-specific portions of Makefiles
configure:12765: result: yes
configure:12834: checking for pkg-config
configure:12852: found /usr/local/bin/pkg-config
configure:12864: result: /usr/local/bin/pkg-config
configure:12889: checking pkg-config is at least version 0.16
configure:12892: result: yes
configure:12946: checking for some Win32 platform
configure:12956: result: no
configure:12967: checking for native Win32
configure:12986: result: no
configure:13012: checking if compiling for Mac OS X
configure:13016: result: yes
configure:13042: checking whether to turn on debugging
configure:13057: result: no
configure:13064: checking whether to turn on profiling
configure:13077: result: no
configure:13376: checking for json-c
configure:13383: $PKG_CONFIG --exists --print-errors "json-c"
configure:13386: $? = 0
configure:13400: $PKG_CONFIG --exists --print-errors "json-c"
configure:13403: $? = 0
configure:13441: result: yes
configure:13552: checking for library containing floorf
configure:13583: gcc -o conftest -D_POSIX_C_SOURCE=200809L -g -O2   conftest.c  >&5
conftest.c:32:6: warning: incompatible redeclaration of library function 'floorf' [-Wincompatible-library-redeclaration]
char floorf ();
     ^
conftest.c:32:6: note: 'floorf' is a builtin with type 'float (float)'
1 warning generated.
configure:13583: $? = 0
configure:13600: result: none required
configure:13610: checking for library containing powf
configure:13641: gcc -o conftest -D_POSIX_C_SOURCE=200809L -g -O2   conftest.c  >&5
conftest.c:32:6: warning: incompatible redeclaration of library function 'powf' [-Wincompatible-library-redeclaration]
char powf ();
     ^
conftest.c:32:6: note: 'powf' is a builtin with type 'float (float, float)'
1 warning generated.
configure:13641: $? = 0
configure:13658: result: none required
configure:13668: checking for library containing expf
configure:13699: gcc -o conftest -D_POSIX_C_SOURCE=200809L -g -O2   conftest.c  >&5
conftest.c:32:6: warning: incompatible redeclaration of library function 'expf' [-Wincompatible-library-redeclaration]
char expf ();
     ^
conftest.c:32:6: note: 'expf' is a builtin with type 'float (float)'
1 warning generated.
configure:13699: $? = 0
configure:13716: result: none required
configure:13729: checking whether C compiler accepts -fsanitize=undefined
configure:13748: gcc -c -D_POSIX_C_SOURCE=200809L -g -O2 -Werror -fsanitize=undefined  conftest.c >&5
configure:13748: $? = 0
configure:13756: result: yes
configure:13764: checking whether the linker accepts -fsanitize=undefined
configure:13783: gcc -o conftest -D_POSIX_C_SOURCE=200809L -g -O2   -Werror -fsanitize=undefined conftest.c  >&5
configure:13783: $? = 0
configure:13792: result: yes
configure:13819: checking whether NLS is requested
configure:13828: result: yes
configure:13856: checking for intltool-update
configure:13874: found /usr/local/bin/intltool-update
configure:13886: result: /usr/local/bin/intltool-update
configure:13896: checking for intltool-merge
configure:13914: found /usr/local/bin/intltool-merge
configure:13926: result: /usr/local/bin/intltool-merge
configure:13936: checking for intltool-extract
configure:13954: found /usr/local/bin/intltool-extract
configure:13966: result: /usr/local/bin/intltool-extract
configure:14120: checking for xgettext
configure:14138: found /usr/local/bin/xgettext
configure:14150: result: /usr/local/bin/xgettext
configure:14160: checking for msgmerge
configure:14178: found /usr/local/bin/msgmerge
configure:14190: result: /usr/local/bin/msgmerge
configure:14200: checking for msgfmt
configure:14218: found /usr/local/bin/msgfmt
configure:14230: result: /usr/local/bin/msgfmt
configure:14240: checking for gmsgfmt
configure:14271: result: /usr/local/bin/msgfmt
configure:14291: checking for perl
configure:14309: found /usr/bin/perl
configure:14321: result: /usr/bin/perl
configure:14332: checking for perl >= 5.8.1
configure:14339: result: 5.18.4
configure:14343: checking for XML::Parser
configure:14346: result: ok
configure:14362: checking locale.h usability
configure:14362: gcc -c -D_POSIX_C_SOURCE=200809L -g -O2  conftest.c >&5
configure:14362: $? = 0
configure:14362: result: yes
configure:14362: checking locale.h presence
configure:14362: gcc -E  conftest.c
configure:14362: $? = 0
configure:14362: result: yes
configure:14362: checking for locale.h
configure:14362: result: yes
configure:14373: checking for LC_MESSAGES
configure:14389: gcc -o conftest -D_POSIX_C_SOURCE=200809L -g -O2   conftest.c  >&5
configure:14389: $? = 0
configure:14397: result: yes
configure:14415: checking for CFPreferencesCopyAppValue
configure:14433: gcc -o conftest -D_POSIX_C_SOURCE=200809L -g -O2   conftest.c  -Wl,-framework -Wl,CoreFoundation >&5
conftest.c:32:37: warning: null passed to a callee that requires a non-null argument [-Wnonnull]
CFPreferencesCopyAppValue(NULL, NULL)
                          ~~~~      ^
conftest.c:32:37: warning: null passed to a callee that requires a non-null argument [-Wnonnull]
CFPreferencesCopyAppValue(NULL, NULL)
                                ~~~~^
2 warnings generated.
configure:14433: $? = 0
configure:14442: result: yes
configure:14449: checking for CFLocaleCopyCurrent
configure:14467: gcc -o conftest -D_POSIX_C_SOURCE=200809L -g -O2   conftest.c  -Wl,-framework -Wl,CoreFoundation >&5
configure:14467: $? = 0
configure:14476: result: yes
configure:14490: checking libintl.h usability
configure:14490: gcc -c -D_POSIX_C_SOURCE=200809L -g -O2  conftest.c >&5
configure:14490: $? = 0
configure:14490: result: yes
configure:14490: checking libintl.h presence
configure:14490: gcc -E  conftest.c
configure:14490: $? = 0
configure:14490: result: yes
configure:14490: checking for libintl.h
configure:14490: result: yes
configure:14498: checking for ngettext in libc
configure:14516: gcc -o conftest -D_POSIX_C_SOURCE=200809L -g -O2   conftest.c  >&5
Undefined symbols for architecture x86_64:
  "_libintl_ngettext", referenced from:
      _main in conftest-20d3ca.o
ld: symbol(s) not found for architecture x86_64
clang: error: linker command failed with exit code 1 (use -v to see invocation)
configure:14516: $? = 1
configure: failed program was:
| /* confdefs.h */
| #define PACKAGE_NAME "libmypaint"
| #define PACKAGE_TARNAME "libmypaint"
| #define PACKAGE_VERSION "1.3.0"
| #define PACKAGE_STRING "libmypaint 1.3.0"
| #define PACKAGE_BUGREPORT "https://github.com/mypaint/libmypaint/issues"
| #define PACKAGE_URL "https://github.com/mypaint/libmypaint"
| #define STDC_HEADERS 1
| #define HAVE_SYS_TYPES_H 1
| #define HAVE_SYS_STAT_H 1
| #define HAVE_STDLIB_H 1
| #define HAVE_STRING_H 1
| #define HAVE_MEMORY_H 1
| #define HAVE_STRINGS_H 1
| #define HAVE_INTTYPES_H 1
| #define HAVE_STDINT_H 1
| #define HAVE_UNISTD_H 1
| #define HAVE_DLFCN_H 1
| #define LT_OBJDIR ".libs/"
| #define ARCH_X86 1
| #define ARCH_X86_64 1
| #define PLATFORM_OSX 1
| #define HAVE_JSON_C 1
| #define GETTEXT_PACKAGE "libmypaint"
| #define HAVE_LOCALE_H 1
| #define HAVE_LC_MESSAGES 1
| #define HAVE_CFPREFERENCESCOPYAPPVALUE 1
| #define HAVE_CFLOCALECOPYCURRENT 1
| /* end confdefs.h.  */
| 
| #include <libintl.h>
| 
| int
| main ()
| {
| return !ngettext ("","", 1)
|   ;
|   return 0;
| }
configure:14525: result: no
configure:14581: checking for bindtextdomain in -lintl
configure:14606: gcc -o conftest -D_POSIX_C_SOURCE=200809L -g -O2   conftest.c -lintl   >&5
configure:14606: $? = 0
configure:14615: result: yes
configure:14618: checking for ngettext in -lintl
configure:14643: gcc -o conftest -D_POSIX_C_SOURCE=200809L -g -O2   conftest.c -lintl   >&5
configure:14643: $? = 0
configure:14652: result: yes
configure:14655: checking for dgettext in -lintl
configure:14680: gcc -o conftest -D_POSIX_C_SOURCE=200809L -g -O2   conftest.c -lintl   >&5
configure:14680: $? = 0
configure:14689: result: yes
configure:14802: checking for bind_textdomain_codeset
configure:14802: gcc -o conftest -D_POSIX_C_SOURCE=200809L -g -O2   conftest.c  -lintl  >&5
configure:14802: $? = 0
configure:14802: result: yes
configure:14839: checking for msgfmt
configure:14866: result: /usr/local/bin/msgfmt
configure:14877: checking for dcgettext
configure:14877: gcc -o conftest -D_POSIX_C_SOURCE=200809L -g -O2   conftest.c  -lintl  -Wl,-framework -Wl,CoreFoundation >&5
configure:14877: $? = 0
configure:14877: result: yes
configure:14887: checking if msgfmt accepts -c
configure:14902: $MSGFMT -c -o /dev/null conftest.foo
conftest.foo:3: warning: header field 'Language' missing in header
configure:14905: $? = 0
configure:14907: result: yes
configure:14917: checking for gmsgfmt
configure:14948: result: /usr/local/bin/msgfmt
configure:14958: checking for xgettext
configure:14985: result: /usr/local/bin/xgettext
configure:15004: gcc -o conftest -D_POSIX_C_SOURCE=200809L -g -O2   conftest.c  -lintl  -Wl,-framework -Wl,CoreFoundation >&5
configure:15004: $? = 0
configure:15144: checking for library containing dgettext
configure:15175: gcc -o conftest -D_POSIX_C_SOURCE=200809L -g -O2   conftest.c  >&5
Undefined symbols for architecture x86_64:
  "_dgettext", referenced from:
      _main in conftest-227538.o
ld: symbol(s) not found for architecture x86_64
clang: error: linker command failed with exit code 1 (use -v to see invocation)
configure:15175: $? = 1
configure: failed program was:
| /* confdefs.h */
| #define PACKAGE_NAME "libmypaint"
| #define PACKAGE_TARNAME "libmypaint"
| #define PACKAGE_VERSION "1.3.0"
| #define PACKAGE_STRING "libmypaint 1.3.0"
| #define PACKAGE_BUGREPORT "https://github.com/mypaint/libmypaint/issues"
| #define PACKAGE_URL "https://github.com/mypaint/libmypaint"
| #define STDC_HEADERS 1
| #define HAVE_SYS_TYPES_H 1
| #define HAVE_SYS_STAT_H 1
| #define HAVE_STDLIB_H 1
| #define HAVE_STRING_H 1
| #define HAVE_MEMORY_H 1
| #define HAVE_STRINGS_H 1
| #define HAVE_INTTYPES_H 1
| #define HAVE_STDINT_H 1
| #define HAVE_UNISTD_H 1
| #define HAVE_DLFCN_H 1
| #define LT_OBJDIR ".libs/"
| #define ARCH_X86 1
| #define ARCH_X86_64 1
| #define PLATFORM_OSX 1
| #define HAVE_JSON_C 1
| #define GETTEXT_PACKAGE "libmypaint"
| #define HAVE_LOCALE_H 1
| #define HAVE_LC_MESSAGES 1
| #define HAVE_CFPREFERENCESCOPYAPPVALUE 1
| #define HAVE_CFLOCALECOPYCURRENT 1
| #define HAVE_BIND_TEXTDOMAIN_CODESET 1
| #define HAVE_GETTEXT 1
| #define HAVE_DCGETTEXT 1
| #define ENABLE_NLS 1
| /* end confdefs.h.  */
| 
| /* Override any GCC internal prototype to avoid an error.
|    Use char because int might match the return type of a GCC
|    builtin and then its argument prototype would still apply.  */
| #ifdef __cplusplus
| extern "C"
| #endif
| char dgettext ();
| int
| main ()
| {
| return dgettext ();
|   ;
|   return 0;
| }
configure:15175: gcc -o conftest -D_POSIX_C_SOURCE=200809L -g -O2   conftest.c -lintl   >&5
configure:15175: $? = 0
configure:15192: result: -lintl
configure:15223: checking for gobject-introspection
configure:15254: $PKG_CONFIG --exists --print-errors "gobject-introspection-1.0 >= 1.32.0"
Package gobject-introspection-1.0 was not found in the pkg-config search path.
Perhaps you should add the directory containing `gobject-introspection-1.0.pc'
to the PKG_CONFIG_PATH environment variable
No package 'gobject-introspection-1.0' found
configure:15257: $? = 1
configure:15269: result: no
configure:15650: checking that generated files are newer than configure
configure:15656: result: done
configure:15727: creating ./config.status

## ---------------------- ##
## Running config.status. ##
## ---------------------- ##

This file was extended by libmypaint config.status 1.3.0, which was
generated by GNU Autoconf 2.69.  Invocation command line was

  CONFIG_FILES    = 
  CONFIG_HEADERS  = 
  CONFIG_LINKS    = 
  CONFIG_COMMANDS = 
  $ ./config.status 

on Olivers-MacBook-Pro.local

config.status:1230: creating doc/Makefile
config.status:1230: creating gegl/libmypaint-gegl.pc
config.status:1230: creating gegl/Makefile
config.status:1230: creating libmypaint.pc
config.status:1230: creating m4macros/Makefile
config.status:1230: creating Makefile
config.status:1230: creating po/Makefile.in
config.status:1230: creating tests/Makefile
config.status:1230: creating tests/gegl/Makefile
config.status:1230: creating config.h
config.status:1459: executing depfiles commands
config.status:1536: cd gegl       && sed -e '/# am--include-marker/d' Makefile         | make -f - am--depfiles
config.status:1541: $? = 0
config.status:1536: cd .       && sed -e '/# am--include-marker/d' Makefile         | make -f - am--depfiles
config.status:1541: $? = 0
config.status:1536: cd tests       && sed -e '/# am--include-marker/d' Makefile         | make -f - am--depfiles
config.status:1541: $? = 0
config.status:1536: cd tests/gegl       && sed -e '/# am--include-marker/d' Makefile         | make -f - am--depfiles
config.status:1541: $? = 0
config.status:1459: executing libtool commands
config.status:1459: executing default-1 commands
config.status:1459: executing po/stamp-it commands

## ---------------- ##
## Cache variables. ##
## ---------------- ##

ac_cv_build=x86_64-apple-darwin18.6.0
ac_cv_c_compiler_gnu=yes
ac_cv_env_CC_set=
ac_cv_env_CC_value=
ac_cv_env_CFLAGS_set=
ac_cv_env_CFLAGS_value=
ac_cv_env_CPPFLAGS_set=
ac_cv_env_CPPFLAGS_value=
ac_cv_env_CPP_set=
ac_cv_env_CPP_value=
ac_cv_env_GEGL_CFLAGS_set=
ac_cv_env_GEGL_CFLAGS_value=
ac_cv_env_GEGL_LIBS_set=
ac_cv_env_GEGL_LIBS_value=
ac_cv_env_GLIB_CFLAGS_set=
ac_cv_env_GLIB_CFLAGS_value=
ac_cv_env_GLIB_LIBS_set=
ac_cv_env_GLIB_LIBS_value=
ac_cv_env_JSON_CFLAGS_set=
ac_cv_env_JSON_CFLAGS_value=
ac_cv_env_JSON_LIBS_set=
ac_cv_env_JSON_LIBS_value=
ac_cv_env_LDFLAGS_set=
ac_cv_env_LDFLAGS_value=
ac_cv_env_LIBPROFILER_CFLAGS_set=
ac_cv_env_LIBPROFILER_CFLAGS_value=
ac_cv_env_LIBPROFILER_LIBS_set=
ac_cv_env_LIBPROFILER_LIBS_value=
ac_cv_env_LIBS_set=
ac_cv_env_LIBS_value=
ac_cv_env_LT_SYS_LIBRARY_PATH_set=
ac_cv_env_LT_SYS_LIBRARY_PATH_value=
ac_cv_env_PKG_CONFIG_LIBDIR_set=
ac_cv_env_PKG_CONFIG_LIBDIR_value=
ac_cv_env_PKG_CONFIG_PATH_set=set
ac_cv_env_PKG_CONFIG_PATH_value=/opt/X11/lib/pkgconfig:/usr/local/lib/pkgconfig:
ac_cv_env_PKG_CONFIG_set=
ac_cv_env_PKG_CONFIG_value=
ac_cv_env_build_alias_set=
ac_cv_env_build_alias_value=
ac_cv_env_host_alias_set=
ac_cv_env_host_alias_value=
ac_cv_env_target_alias_set=
ac_cv_env_target_alias_value=
ac_cv_func_bind_textdomain_codeset=yes
ac_cv_func_dcgettext=yes
ac_cv_header_dlfcn_h=yes
ac_cv_header_inttypes_h=yes
ac_cv_header_libintl_h=yes
ac_cv_header_locale_h=yes
ac_cv_header_memory_h=yes
ac_cv_header_stdc=yes
ac_cv_header_stdint_h=yes
ac_cv_header_stdlib_h=yes
ac_cv_header_string_h=yes
ac_cv_header_strings_h=yes
ac_cv_header_sys_stat_h=yes
ac_cv_header_sys_types_h=yes
ac_cv_header_unistd_h=yes
ac_cv_host=x86_64-apple-darwin18.6.0
ac_cv_lib_intl_bindtextdomain=yes
ac_cv_lib_intl_dgettext=yes
ac_cv_lib_intl_ngettext=yes
ac_cv_objext=o
ac_cv_path_EGREP='/usr/bin/grep -E'
ac_cv_path_FGREP='/usr/bin/grep -F'
ac_cv_path_GMSGFMT=/usr/local/bin/msgfmt
ac_cv_path_GREP=/usr/bin/grep
ac_cv_path_INTLTOOL_EXTRACT=/usr/local/bin/intltool-extract
ac_cv_path_INTLTOOL_MERGE=/usr/local/bin/intltool-merge
ac_cv_path_INTLTOOL_PERL=/usr/bin/perl
ac_cv_path_INTLTOOL_UPDATE=/usr/local/bin/intltool-update
ac_cv_path_MSGFMT=/usr/local/bin/msgfmt
ac_cv_path_MSGMERGE=/usr/local/bin/msgmerge
ac_cv_path_SED=/usr/bin/sed
ac_cv_path_XGETTEXT=/usr/local/bin/xgettext
ac_cv_path_ac_pt_PKG_CONFIG=/usr/local/bin/pkg-config
ac_cv_path_install='/usr/bin/install -c'
ac_cv_path_lt_DD=/bin/dd
ac_cv_prog_AWK=awk
ac_cv_prog_CPP='gcc -E'
ac_cv_prog_ac_ct_AR=ar
ac_cv_prog_ac_ct_CC=gcc
ac_cv_prog_ac_ct_DSYMUTIL=dsymutil
ac_cv_prog_ac_ct_LIPO=lipo
ac_cv_prog_ac_ct_NMEDIT=nmedit
ac_cv_prog_ac_ct_OBJDUMP=objdump
ac_cv_prog_ac_ct_OTOOL=otool
ac_cv_prog_ac_ct_RANLIB=ranlib
ac_cv_prog_ac_ct_STRIP=strip
ac_cv_prog_cc_c89=
ac_cv_prog_cc_c99=
ac_cv_prog_cc_g=yes
ac_cv_prog_make_make_set=yes
ac_cv_search_dgettext=-lintl
ac_cv_search_expf='none required'
ac_cv_search_floorf='none required'
ac_cv_search_powf='none required'
am_cv_CC_dependencies_compiler_type=gcc3
am_cv_ar_interface=ar
am_cv_make_support_nested_variables=yes
am_cv_prog_cc_c_o=yes
am_cv_val_LC_MESSAGES=yes
ax_cv_check_cflags__Werror__fsanitize_undefined=yes
ax_cv_check_ldflags__Werror__fsanitize_undefined=yes
gt_cv_func_CFLocaleCopyCurrent=yes
gt_cv_func_CFPreferencesCopyAppValue=yes
gt_cv_func_dgettext_libc=no
gt_cv_func_dgettext_libintl=yes
gt_cv_func_ngettext_libc=no
gt_cv_have_gettext=yes
lt_cv_apple_cc_single_mod=yes
lt_cv_ar_at_file=no
lt_cv_deplibs_check_method=pass_all
lt_cv_file_magic_cmd='$MAGIC_CMD'
lt_cv_file_magic_test_file=
lt_cv_ld_exported_symbols_list=yes
lt_cv_ld_force_load=yes
lt_cv_ld_reload_flag=-r
lt_cv_nm_interface='BSD nm'
lt_cv_objdir=.libs
lt_cv_path_LD=/Library/Developer/CommandLineTools/usr/bin/ld
lt_cv_path_NM='/usr/bin/nm -B'
lt_cv_path_mainfest_tool=no
lt_cv_prog_compiler_c_o=yes
lt_cv_prog_compiler_pic='-fno-common -DPIC'
lt_cv_prog_compiler_pic_works=yes
lt_cv_prog_compiler_rtti_exceptions=yes
lt_cv_prog_compiler_static_works=no
lt_cv_prog_gnu_ld=no
lt_cv_sharedlib_from_linklib_cmd='printf %s\n'
lt_cv_sys_global_symbol_pipe='sed -n -e '\''s/^.*[	 ]\([BCDEGRST][BCDEGRST]*\)[	 ][	 ]*_\([_A-Za-z][_A-Za-z0-9]*\)$/\1 _\2 \2/p'\'' | sed '\''/ __gnu_lto/d'\'''
lt_cv_sys_global_symbol_to_c_name_address='sed -n -e '\''s/^: \(.*\) .*$/  {"\1", (void *) 0},/p'\'' -e '\''s/^[BCDEGRST][BCDEGRST]* .* \(.*\)$/  {"\1", (void *) \&\1},/p'\'''
lt_cv_sys_global_symbol_to_c_name_address_lib_prefix='sed -n -e '\''s/^: \(.*\) .*$/  {"\1", (void *) 0},/p'\'' -e '\''s/^[BCDEGRST][BCDEGRST]* .* \(lib.*\)$/  {"\1", (void *) \&\1},/p'\'' -e '\''s/^[BCDEGRST][BCDEGRST]* .* \(.*\)$/  {"lib\1", (void *) \&\1},/p'\'''
lt_cv_sys_global_symbol_to_cdecl='sed -n -e '\''s/^T .* \(.*\)$/extern int \1();/p'\'' -e '\''s/^[BCDEGRST][BCDEGRST]* .* \(.*\)$/extern char \1;/p'\'''
lt_cv_sys_global_symbol_to_import=
lt_cv_sys_max_cmd_len=196608
lt_cv_to_host_file_cmd=func_convert_file_noop
lt_cv_to_tool_file_cmd=func_convert_file_noop
lt_cv_truncate_bin='/bin/dd bs=4096 count=1'
pkg_cv_JSON_CFLAGS=-I/usr/local/Cellar/json-c/0.13.1/include/json-c
pkg_cv_JSON_LIBS='-L/usr/local/Cellar/json-c/0.13.1/lib -ljson-c'

## ----------------- ##
## Output variables. ##
## ----------------- ##

ACLOCAL='${SHELL} /Users/candyface/Downloads/libmypaint-1.3.0/missing aclocal-1.16'
ALL_LINGUAS=''
AMDEPBACKSLASH='\'
AMDEP_FALSE='#'
AMDEP_TRUE=''
AMTAR='$${TAR-tar}'
AM_BACKSLASH='\'
AM_DEFAULT_V='$(AM_DEFAULT_VERBOSITY)'
AM_DEFAULT_VERBOSITY='1'
AM_V='$(V)'
AR='ar'
AS='as'
AUTOCONF='${SHELL} /Users/candyface/Downloads/libmypaint-1.3.0/missing autoconf'
AUTOHEADER='${SHELL} /Users/candyface/Downloads/libmypaint-1.3.0/missing autoheader'
AUTOMAKE='${SHELL} /Users/candyface/Downloads/libmypaint-1.3.0/missing automake-1.16'
AWK='awk'
CATALOGS=''
CATOBJEXT='.gmo'
CC='gcc'
CCDEPMODE='depmode=gcc3'
CFLAGS='-D_POSIX_C_SOURCE=200809L -g -O2'
CPP='gcc -E'
CPPFLAGS=''
CYGPATH_W='echo'
DATADIRNAME='share'
DEFS='-DHAVE_CONFIG_H'
DEPDIR='.deps'
DLLTOOL='false'
DOXYGEN=''
DSYMUTIL='dsymutil'
DUMPBIN=''
ECHO_C='\c'
ECHO_N=''
ECHO_T=''
EGREP='/usr/bin/grep -E'
ENABLE_DOCS_FALSE=''
ENABLE_DOCS_TRUE='#'
ENABLE_GEGL_FALSE=''
ENABLE_GEGL_TRUE='#'
EXEEXT=''
FGREP='/usr/bin/grep -F'
GEGL_CFLAGS=''
GEGL_LIBS=''
GETTEXT_PACKAGE='libmypaint'
GLIB_CFLAGS=''
GLIB_LIBS=''
GMOFILES=''
GMSGFMT='/usr/local/bin/msgfmt'
GREP='/usr/bin/grep'
HAVE_GPERFTOOLS_FALSE=''
HAVE_GPERFTOOLS_TRUE='#'
HAVE_I18N_FALSE='#'
HAVE_I18N_TRUE=''
HAVE_INTROSPECTION_FALSE=''
HAVE_INTROSPECTION_TRUE='#'
INSTALL_DATA='${INSTALL} -m 644'
INSTALL_PROGRAM='${INSTALL}'
INSTALL_SCRIPT='${INSTALL}'
INSTALL_STRIP_PROGRAM='$(install_sh) -c -s'
INSTOBJEXT='.mo'
INTLLIBS='-lintl  -Wl,-framework -Wl,CoreFoundation'
INTLTOOL_CAVES_RULE='%.caves:     %.caves.in     $(INTLTOOL_MERGE) $(wildcard $(top_srcdir)/po/*.po) ; $(INTLTOOL_V_MERGE)LC_ALL=C $(INTLTOOL_MERGE) $(INTLTOOL_V_MERGE_OPTIONS) -d -u -c $(top_builddir)/po/.intltool-merge-cache $(top_srcdir)/po $< $@'
INTLTOOL_DESKTOP_RULE='%.desktop:   %.desktop.in   $(INTLTOOL_MERGE) $(wildcard $(top_srcdir)/po/*.po) ; $(INTLTOOL_V_MERGE)LC_ALL=C $(INTLTOOL_MERGE) $(INTLTOOL_V_MERGE_OPTIONS) -d -u -c $(top_builddir)/po/.intltool-merge-cache $(top_srcdir)/po $< $@'
INTLTOOL_DIRECTORY_RULE='%.directory: %.directory.in $(INTLTOOL_MERGE) $(wildcard $(top_srcdir)/po/*.po) ; $(INTLTOOL_V_MERGE)LC_ALL=C $(INTLTOOL_MERGE) $(INTLTOOL_V_MERGE_OPTIONS) -d -u -c $(top_builddir)/po/.intltool-merge-cache $(top_srcdir)/po $< $@'
INTLTOOL_EXTRACT='/usr/local/bin/intltool-extract'
INTLTOOL_KBD_RULE='%.kbd:       %.kbd.in       $(INTLTOOL_MERGE) $(wildcard $(top_srcdir)/po/*.po) ; $(INTLTOOL_V_MERGE)LC_ALL=C $(INTLTOOL_MERGE) $(INTLTOOL_V_MERGE_OPTIONS) -x -u -m -c $(top_builddir)/po/.intltool-merge-cache $(top_srcdir)/po $< $@'
INTLTOOL_KEYS_RULE='%.keys:      %.keys.in      $(INTLTOOL_MERGE) $(wildcard $(top_srcdir)/po/*.po) ; $(INTLTOOL_V_MERGE)LC_ALL=C $(INTLTOOL_MERGE) $(INTLTOOL_V_MERGE_OPTIONS) -k -u -c $(top_builddir)/po/.intltool-merge-cache $(top_srcdir)/po $< $@'
INTLTOOL_MERGE='/usr/local/bin/intltool-merge'
INTLTOOL_OAF_RULE='%.oaf:       %.oaf.in       $(INTLTOOL_MERGE) $(wildcard $(top_srcdir)/po/*.po) ; $(INTLTOOL_V_MERGE)LC_ALL=C $(INTLTOOL_MERGE) $(INTLTOOL_V_MERGE_OPTIONS) -o -p $(top_srcdir)/po $< $@'
INTLTOOL_PERL='/usr/bin/perl'
INTLTOOL_POLICY_RULE='%.policy:    %.policy.in    $(INTLTOOL_MERGE) $(wildcard $(top_srcdir)/po/*.po) ; $(INTLTOOL_V_MERGE)LC_ALL=C $(INTLTOOL_MERGE) $(INTLTOOL_V_MERGE_OPTIONS) -x -u -c $(top_builddir)/po/.intltool-merge-cache $(top_srcdir)/po $< $@'
INTLTOOL_PONG_RULE='%.pong:      %.pong.in      $(INTLTOOL_MERGE) $(wildcard $(top_srcdir)/po/*.po) ; $(INTLTOOL_V_MERGE)LC_ALL=C $(INTLTOOL_MERGE) $(INTLTOOL_V_MERGE_OPTIONS) -x -u -c $(top_builddir)/po/.intltool-merge-cache $(top_srcdir)/po $< $@'
INTLTOOL_PROP_RULE='%.prop:      %.prop.in      $(INTLTOOL_MERGE) $(wildcard $(top_srcdir)/po/*.po) ; $(INTLTOOL_V_MERGE)LC_ALL=C $(INTLTOOL_MERGE) $(INTLTOOL_V_MERGE_OPTIONS) -d -u -c $(top_builddir)/po/.intltool-merge-cache $(top_srcdir)/po $< $@'
INTLTOOL_SCHEMAS_RULE='%.schemas:   %.schemas.in   $(INTLTOOL_MERGE) $(wildcard $(top_srcdir)/po/*.po) ; $(INTLTOOL_V_MERGE)LC_ALL=C $(INTLTOOL_MERGE) $(INTLTOOL_V_MERGE_OPTIONS) -s -u -c $(top_builddir)/po/.intltool-merge-cache $(top_srcdir)/po $< $@'
INTLTOOL_SERVER_RULE='%.server:    %.server.in    $(INTLTOOL_MERGE) $(wildcard $(top_srcdir)/po/*.po) ; $(INTLTOOL_V_MERGE)LC_ALL=C $(INTLTOOL_MERGE) $(INTLTOOL_V_MERGE_OPTIONS) -o -u -c $(top_builddir)/po/.intltool-merge-cache $(top_srcdir)/po $< $@'
INTLTOOL_SERVICE_RULE='%.service: %.service.in   $(INTLTOOL_MERGE) $(wildcard $(top_srcdir)/po/*.po) ; $(INTLTOOL_V_MERGE)LC_ALL=C $(INTLTOOL_MERGE) $(INTLTOOL_V_MERGE_OPTIONS) -d -u -c $(top_builddir)/po/.intltool-merge-cache $(top_srcdir)/po $< $@'
INTLTOOL_SHEET_RULE='%.sheet:     %.sheet.in     $(INTLTOOL_MERGE) $(wildcard $(top_srcdir)/po/*.po) ; $(INTLTOOL_V_MERGE)LC_ALL=C $(INTLTOOL_MERGE) $(INTLTOOL_V_MERGE_OPTIONS) -x -u -c $(top_builddir)/po/.intltool-merge-cache $(top_srcdir)/po $< $@'
INTLTOOL_SOUNDLIST_RULE='%.soundlist: %.soundlist.in $(INTLTOOL_MERGE) $(wildcard $(top_srcdir)/po/*.po) ; $(INTLTOOL_V_MERGE)LC_ALL=C $(INTLTOOL_MERGE) $(INTLTOOL_V_MERGE_OPTIONS) -d -u -c $(top_builddir)/po/.intltool-merge-cache $(top_srcdir)/po $< $@'
INTLTOOL_THEME_RULE='%.theme:     %.theme.in     $(INTLTOOL_MERGE) $(wildcard $(top_srcdir)/po/*.po) ; $(INTLTOOL_V_MERGE)LC_ALL=C $(INTLTOOL_MERGE) $(INTLTOOL_V_MERGE_OPTIONS) -d -u -c $(top_builddir)/po/.intltool-merge-cache $(top_srcdir)/po $< $@'
INTLTOOL_UI_RULE='%.ui:        %.ui.in        $(INTLTOOL_MERGE) $(wildcard $(top_srcdir)/po/*.po) ; $(INTLTOOL_V_MERGE)LC_ALL=C $(INTLTOOL_MERGE) $(INTLTOOL_V_MERGE_OPTIONS) -x -u -c $(top_builddir)/po/.intltool-merge-cache $(top_srcdir)/po $< $@'
INTLTOOL_UPDATE='/usr/local/bin/intltool-update'
INTLTOOL_V_MERGE='$(INTLTOOL__v_MERGE_$(V))'
INTLTOOL_V_MERGE_OPTIONS='$(intltool__v_merge_options_$(V))'
INTLTOOL_XAM_RULE='%.xam:       %.xml.in       $(INTLTOOL_MERGE) $(wildcard $(top_srcdir)/po/*.po) ; $(INTLTOOL_V_MERGE)LC_ALL=C $(INTLTOOL_MERGE) $(INTLTOOL_V_MERGE_OPTIONS) -x -u -c $(top_builddir)/po/.intltool-merge-cache $(top_srcdir)/po $< $@'
INTLTOOL_XML_NOMERGE_RULE='%.xml:       %.xml.in       $(INTLTOOL_MERGE) ; $(INTLTOOL_V_MERGE)LC_ALL=C $(INTLTOOL_MERGE) $(INTLTOOL_V_MERGE_OPTIONS) -x -u --no-translations $< $@'
INTLTOOL_XML_RULE='%.xml:       %.xml.in       $(INTLTOOL_MERGE) $(wildcard $(top_srcdir)/po/*.po) ; $(INTLTOOL_V_MERGE)LC_ALL=C $(INTLTOOL_MERGE) $(INTLTOOL_V_MERGE_OPTIONS) -x -u -c $(top_builddir)/po/.intltool-merge-cache $(top_srcdir)/po $< $@'
INTLTOOL__v_MERGE_0='@echo "  ITMRG " $@;'
INTLTOOL__v_MERGE_='$(INTLTOOL__v_MERGE_$(AM_DEFAULT_VERBOSITY))'
INTL_MACOSX_LIBS='-Wl,-framework -Wl,CoreFoundation'
INTROSPECTION_CFLAGS=''
INTROSPECTION_COMPILER=''
INTROSPECTION_GENERATE=''
INTROSPECTION_GIRDIR=''
INTROSPECTION_LIBS=''
INTROSPECTION_MAKEFILE=''
INTROSPECTION_SCANNER=''
INTROSPECTION_TYPELIBDIR=''
JSON_CFLAGS='-I/usr/local/Cellar/json-c/0.13.1/include/json-c'
JSON_LIBS='-L/usr/local/Cellar/json-c/0.13.1/lib -ljson-c'
LD='/Library/Developer/CommandLineTools/usr/bin/ld'
LDFLAGS=''
LIBMYPAINT_ABI_VERSION_INFO='0:0:0'
LIBMYPAINT_API_PLATFORM_VERSION='1.3'
LIBMYPAINT_MAJOR_VERSION='1'
LIBMYPAINT_MICRO_VERSION='0'
LIBMYPAINT_MINOR_VERSION='3'
LIBMYPAINT_PRERELEASE_VERSION=''
LIBMYPAINT_VERSION='1.3.0'
LIBMYPAINT_VERSION_FULL='1.3.0'
LIBOBJS=''
LIBPROFILER_CFLAGS=''
LIBPROFILER_LIBS=''
LIBS='-lintl '
LIBTOOL='$(SHELL) $(top_builddir)/libtool'
LIPO='lipo'
LN_S='ln -s'
LTLIBOBJS=''
LT_SYS_LIBRARY_PATH=''
MAINT=''
MAINTAINER_MODE_FALSE='#'
MAINTAINER_MODE_TRUE=''
MAKEINFO='${SHELL} /Users/candyface/Downloads/libmypaint-1.3.0/missing makeinfo'
MANIFEST_TOOL=':'
MKDIR_P='./install-sh -c -d'
MKINSTALLDIRS='./mkinstalldirs'
MSGFMT='/usr/local/bin/msgfmt'
MSGFMT_OPTS='-c'
MSGMERGE='/usr/local/bin/msgmerge'
NM='/usr/bin/nm -B'
NMEDIT='nmedit'
OBJDUMP='objdump'
OBJEXT='o'
OPENMP_CFLAGS=''
OS_UNIX_FALSE='#'
OS_UNIX_TRUE=''
OS_WIN32_FALSE=''
OS_WIN32_TRUE='#'
OTOOL64=':'
OTOOL='otool'
PACKAGE='libmypaint'
PACKAGE_BUGREPORT='https://github.com/mypaint/libmypaint/issues'
PACKAGE_NAME='libmypaint'
PACKAGE_STRING='libmypaint 1.3.0'
PACKAGE_TARNAME='libmypaint'
PACKAGE_URL='https://github.com/mypaint/libmypaint'
PACKAGE_VERSION='1.3.0'
PATHSEP=':'
PATH_SEPARATOR=':'
PKG_CONFIG='/usr/local/bin/pkg-config'
PKG_CONFIG_LIBDIR=''
PKG_CONFIG_PATH='/opt/X11/lib/pkgconfig:/usr/local/lib/pkgconfig:'
PKG_CONFIG_REQUIRES='json-c'
PLATFORM_OSX_FALSE='#'
PLATFORM_OSX_TRUE=''
PLATFORM_WIN32_FALSE=''
PLATFORM_WIN32_TRUE='#'
POFILES=''
POSUB='po'
PO_IN_DATADIR_FALSE=''
PO_IN_DATADIR_TRUE=''
RANLIB='ranlib'
SED='/usr/bin/sed'
SET_MAKE=''
SHELL='/bin/sh'
SPHINX_BUILD=''
STRIP='strip'
USE_NLS='yes'
VERSION='1.3.0'
WIN32_LARGE_ADDRESS_AWARE=''
WITH_GLIB_FALSE=''
WITH_GLIB_TRUE='#'
XGETTEXT='/usr/local/bin/xgettext'
ac_ct_AR='ar'
ac_ct_CC='gcc'
ac_ct_DUMPBIN=''
am__EXEEXT_FALSE=''
am__EXEEXT_TRUE='#'
am__fastdepCC_FALSE='#'
am__fastdepCC_TRUE=''
am__include='include'
am__isrc=''
am__leading_dot='.'
am__nodep='_no'
am__quote=''
am__tar='$${TAR-tar} chof - "$$tardir"'
am__untar='$${TAR-tar} xf -'
bindir='${exec_prefix}/bin'
build='x86_64-apple-darwin18.6.0'
build_alias=''
build_cpu='x86_64'
build_os='darwin18.6.0'
build_vendor='apple'
datadir='${datarootdir}'
datarootdir='${prefix}/share'
docdir='${datarootdir}/doc/${PACKAGE_TARNAME}'
dvidir='${docdir}'
exec_prefix='${prefix}'
host='x86_64-apple-darwin18.6.0'
host_alias=''
host_cpu='x86_64'
host_os='darwin18.6.0'
host_vendor='apple'
htmldir='${docdir}'
includedir='${prefix}/include'
infodir='${datarootdir}/info'
install_sh='${SHELL} /Users/candyface/Downloads/libmypaint-1.3.0/install-sh'
intltool__v_merge_options_0='-q'
intltool__v_merge_options_='$(intltool__v_merge_options_$(AM_DEFAULT_VERBOSITY))'
libdir='${exec_prefix}/lib'
libexecdir='${exec_prefix}/libexec'
localedir='${datarootdir}/locale'
localstatedir='${prefix}/var'
mandir='${datarootdir}/man'
mkdir_p='$(MKDIR_P)'
oldincludedir='/usr/include'
pdfdir='${docdir}'
prefix='/usr/local'
program_transform_name='s,x,x,'
psdir='${docdir}'
sbindir='${exec_prefix}/sbin'
sharedstatedir='${prefix}/com'
sysconfdir='${prefix}/etc'
target_alias=''

## ----------- ##
## confdefs.h. ##
## ----------- ##

/* confdefs.h */
#define PACKAGE_NAME "libmypaint"
#define PACKAGE_TARNAME "libmypaint"
#define PACKAGE_VERSION "1.3.0"
#define PACKAGE_STRING "libmypaint 1.3.0"
#define PACKAGE_BUGREPORT "https://github.com/mypaint/libmypaint/issues"
#define PACKAGE_URL "https://github.com/mypaint/libmypaint"
#define STDC_HEADERS 1
#define HAVE_SYS_TYPES_H 1
#define HAVE_SYS_STAT_H 1
#define HAVE_STDLIB_H 1
#define HAVE_STRING_H 1
#define HAVE_MEMORY_H 1
#define HAVE_STRINGS_H 1
#define HAVE_INTTYPES_H 1
#define HAVE_STDINT_H 1
#define HAVE_UNISTD_H 1
#define HAVE_DLFCN_H 1
#define LT_OBJDIR ".libs/"
#define ARCH_X86 1
#define ARCH_X86_64 1
#define PLATFORM_OSX 1
#define HAVE_JSON_C 1
#define GETTEXT_PACKAGE "libmypaint"
#define HAVE_LOCALE_H 1
#define HAVE_LC_MESSAGES 1
#define HAVE_CFPREFERENCESCOPYAPPVALUE 1
#define HAVE_CFLOCALECOPYCURRENT 1
#define HAVE_BIND_TEXTDOMAIN_CODESET 1
#define HAVE_GETTEXT 1
#define HAVE_DCGETTEXT 1
#define ENABLE_NLS 1
#define MYPAINT_CONFIG_USE_GLIB 0

configure: exit 0

## ---------------------- ##
## Running config.status. ##
## ---------------------- ##

This file was extended by libmypaint config.status 1.3.0, which was
generated by GNU Autoconf 2.69.  Invocation command line was

  CONFIG_FILES    = 
  CONFIG_HEADERS  = 
  CONFIG_LINKS    = 
  CONFIG_COMMANDS = 
  $ ./config.status config.h

on Olivers-MacBook-Pro.local

config.status:1230: creating config.h
config.status:1411: config.h is unchanged
